<?xml version="1.0" encoding="UTF-8"?>
<!-- Generated by org.testng.reporters.JUnitXMLReporter -->
<testsuite ignored="1" hostname="BLRM-300068692" failures="0" tests="1" name="Default test" time="1.238" errors="0" timestamp="13 Dec 2019 06:03:41 GMT">
  <testcase classname="com.qapitol.automationqa.apitest.serviceTest.TestService" name="CheckImage" time="1.189"/>
  <testcase classname="com.qapitol.automationqa.apitest.serviceTest.TestService" name="CheckImage2" time="0.0">
    <ignored/>
  </testcase> <!-- CheckImage2 -->
</testsuite> <!-- Default test -->
