<?xml version="1.0" encoding="UTF-8"?>
<testng-results ignored="1" total="2" passed="1" failed="0" skipped="0">
  <reporter-output>
  </reporter-output>
  <suite started-at="2019-12-13T06:03:40Z" name="Default suite" finished-at="2019-12-13T06:03:41Z" duration-ms="1238">
    <groups>
    </groups>
    <test started-at="2019-12-13T06:03:40Z" name="Default test" finished-at="2019-12-13T06:03:41Z" duration-ms="1238">
      <class name="com.qapitol.automationqa.apitest.serviceTest.TestService">
        <test-method signature="CheckImage()[pri:0, instance:com.qapitol.automationqa.apitest.serviceTest.TestService@69637b10]" started-at="2019-12-13T06:03:40Z" name="CheckImage" finished-at="2019-12-13T06:03:41Z" duration-ms="1189" status="PASS">
          <reporter-output>
          </reporter-output>
        </test-method> <!-- CheckImage -->
      </class> <!-- com.qapitol.automationqa.apitest.serviceTest.TestService -->
    </test> <!-- Default test -->
  </suite> <!-- Default suite -->
</testng-results>
