<?xml version="1.0" encoding="UTF-8"?>
<testng-results ignored="0" total="1" passed="1" failed="0" skipped="0">
  <reporter-output>
  </reporter-output>
  <suite started-at="2019-12-11T11:06:52Z" name="Default suite" finished-at="2019-12-11T11:06:53Z" duration-ms="862">
    <groups>
    </groups>
    <test started-at="2019-12-11T11:06:52Z" name="Default test" finished-at="2019-12-11T11:06:53Z" duration-ms="862">
      <class name="com.qapitol.automationqa.apitest.SimpleTestForCoverage">
        <test-method signature="testGet()[pri:0, instance:com.qapitol.automationqa.apitest.SimpleTestForCoverage@20b5f2ac]" started-at="2019-12-11T11:06:52Z" name="testGet" finished-at="2019-12-11T11:06:53Z" duration-ms="796" status="PASS">
          <reporter-output>
          </reporter-output>
        </test-method> <!-- testGet -->
      </class> <!-- com.qapitol.automationqa.apitest.SimpleTestForCoverage -->
    </test> <!-- Default test -->
  </suite> <!-- Default suite -->
</testng-results>
